<?xml version="1.0" encoding="UTF-8"?>
<!-- Generated by org.testng.reporters.JUnitXMLReporter -->
<testsuite hostname="CO-IT01399" name="Default test" tests="3" failures="0" timestamp="11 Apr 2016 22:08:08 GMT" time="0.156" errors="0">
  <testcase name="completeResultTest" time="0.015" classname="org.gradle.testNGChallenge"/>
  <testcase name="errorBusinessResultTest" time="0.0" classname="org.gradle.testNGChallenge"/>
  <testcase name="otherResultTest" time="0.0" classname="org.gradle.testNGChallenge"/>
</testsuite> <!-- Default test -->
